Job launching command: 
$SCHRODINGER/utilities/multisim -JOBNAME desmond_md_ubc13_4mdk_md2 -HOST md_gpu -maxjob 1 -cpu 1 -m desmond_md_ubc13_4mdk_md2.msj -c desmond_md_ubc13_4mdk_md2.cfg desmond_md_ubc13_4mdk_md2.cms -mode umbrella -set stage[1].set_family.md.jlaunch_opt=[-gpu] -o desmond_md_ubc13_4mdk_md2-out.cms 
 
Multisim runs in the umbrella mode.
Booting the multisim workflow engine...
           multisim version: 3.8.5.19
            mmshare version: 3.3
                    Jobname: desmond_md_ubc13_4mdk_md2
                   Username: mlawrenz
            Master job host: cmpsvr01
                Subjob host: cmpsvr01
                     Job ID: computemaster-0-574dd71d
            multisim script: desmond_md_ubc13_4mdk_md2.msj
       Structure input file: desmond_md_ubc13_4mdk_md2.cms
            CPUs per subjob: "1"
             Job start time: Tue May 31 11:37:18 2016
           Launch directory: /home/mlawrenz/work/ubc13/md
               $SCHRODINGER: /opt/apps/Schrodinger/suite2016-1

Parsing the multisim script file and the '-set' option...

Summary of user stages:
  stage 1 - task
  stage 2 - simulate, Brownian Dynamics NVT, T = 10 K, small timesteps, and restraints on solute heavy atoms, 100ps
  stage 3 - simulate, NVT, T = 10 K, small timesteps, and restraints on solute heavy atoms, 12ps
  stage 4 - simulate, NPT, T = 10 K, and restraints on solute heavy atoms, 12ps
  stage 5 - solvate_pocket
  stage 6 - simulate, NPT and restraints on solute heavy atoms, 12ps
  stage 7 - simulate, NPT and no restraints, 24ps
  stage 8 - simulate
(8 stages in total)

Workflow is started now.

Stage 1 - task
stage[1] task: Detecting system type...
stage[1] task:   It seems a mature model system created for regular molecular dynamics simulations
stage[1] task: Recognizing traits of system...
stage[1] task:   (none)

Stage 1 completed successfully.


Stage 2 - simulate

Launched Job("cmpsvr01-3-574dda07"):
  Launch time: 2016-05-31-11:37:59
  Host       : cmpsvr01
  Jobname    : desmond_md_ubc13_4mdk_md2_2
  Stage      : 2 (simulate)

Job("cmpsvr01-3-574dda07") died due to backend error.
  Host       : cmpsvr01
  Launch time: Tue May 31 11:37:59 2016
  Start time : Tue May 31 11:38:03 2016
  End time   : Tue May 31 11:39:28 2016
  Duration   : 0h 1' 25"
  CPUs       : 1
  CPU time   : 0h 1' 25"
  Exit code  : 1
  Jobname    : desmond_md_ubc13_4mdk_md2_2
  Stage      : 2 (simulate)
jlaunch_dir: /home/mlawrenz/.schrodinger/tmp/desmond_md_ubc13_4mdk_md2/desmond_md_ubc13_4mdk_md2_2
jlaunch_cmd: /opt/apps/Schrodinger/suite2016-1/desmond -JOBNAME desmond_md_ubc13_4mdk_md2_2 -overwrite -in desmond_md_ubc13_4mdk_md2_2-in.cms -c desmond_md_ubc13_4mdk_md2_2-in.cfg -P 1 -gpu -HOST cmpsvr01
Log file   : /home/mlawrenz/.schrodinger/tmp/desmond_md_ubc13_4mdk_md2/desmond_md_ubc13_4mdk_md2_2/desmond_md_ubc13_4mdk_md2_2.log
Log file content:
Tue, 31 May 2016 11:38:58 Desmond Driver v2.3
>Tue, 31 May 2016 11:39:02 Desmond log monitoring is turned on
>Tue, 31 May 2016 11:39:02 Monitoring timeout set to 30 minutes
>Tue, 31 May 2016 11:39:02 Desmond will be running on cmpsvr01
>Tue, 31 May 2016 11:39:02 JobId: cmpsvr01-3-574dda07
>Tue, 31 May 2016 11:39:02 start backend: mdsim
>src/util/collective/collective_common.cxx(69)[0]: Using MPI-based communications implementation.
>[cmpsvr01:10184] mca: base: component_find: unable to open /opt/apps/Schrodinger/suite2016-1/mmshare-v3.3/lib/Linux-x86_64/openmpi/lib/openmpi/mca_ess_lsf: libbat.so: cannot open shared object file: No such file or directory (ignored)
>[cmpsvr01:10316] mca: base: component_find: unable to open /opt/apps/Schrodinger/suite2016-1/mmshare-v3.3/lib/Linux-x86_64/openmpi/lib/openmpi/mca_ess_lsf: libbat.so: cannot open shared object file: No such file or directory (ignored)
>[cmpsvr01:10316] mca: base: component_find: unable to open /opt/apps/Schrodinger/suite2016-1/mmshare-v3.3/lib/Linux-x86_64/openmpi/lib/openmpi/mca_plm_lsf: libbat.so: cannot open shared object file: No such file or directory (ignored)
>[cmpsvr01:10316] mca: base: component_find: unable to open /opt/apps/Schrodinger/suite2016-1/mmshare-v3.3/lib/Linux-x86_64/openmpi/lib/openmpi/mca_ras_lsf: libbat.so: cannot open shared object file: No such file or directory (ignored)
>[cmpsvr01:10184] mca: base: component_find: unable to open /opt/apps/Schrodinger/suite2016-1/mmshare-v3.3/lib/Linux-x86_64/openmpi/lib/openmpi/mca_btl_ofud: libibverbs.so.1: cannot open shared object file: No such file or directory (ignored)
>src/util/gpu/gpu_functions.cxx(132)[0]: Did not manage to acquire a GPU.
>src/util/gpu/gpu_functions.cxx(133)[0]: **** ERROR ****
>	Not all processes managed to acquire a GPU.
>--------------------------------------------------------------------------
>MPI_ABORT was invoked on rank 0 in communicator MPI_COMM_WORLD 
>with errorcode 1.
>
>NOTE: invoking MPI_ABORT causes Open MPI to kill all MPI processes.
>You may or may not see output from other processes, depending on
>exactly when Open MPI kills them.
>--------------------------------------------------------------------------
>GPU Desmond started with command-line: /opt/apps/Schrodinger/suite2016-1/desmond-v4.5/bin/Linux-x86_64/gdesmond --include desmond_md_ubc13_4mdk_md2_2-out.cfg --gpu-verbose 
>Tue, 31 May 2016 11:39:19 Child returned 1
>Tue, 31 May 2016 11:39:24 Failed to create clickme.dtr
>Tue, 31 May 2016 11:39:26 Failed to extract trajectory: 'NoneType' object has no attribute 'size'

(end of log file)

DIAGNOSIS: Desmond cannot find a GPU to run on. Your hardware, queuing system and/or  schrodinger.hosts file may be incorrectly configured.
Cleaning up files...

Multisim summary (Tue May 31 11:39:34 2016):
  Stage 1 completed.
  Stage 2 failed.
  Stage 3 not run.
  Stage 4 not run.
  Stage 5 not run.
  Stage 6 not run.
  Stage 7 not run.
  Stage 8 not run.
  Total duration: 0h 2' 15"
Multisim failed.
